# JRE version: OpenJDK Runtime Environment (16.0.2+7) (build 16.0.2+7-67)
# Java VM: OpenJDK 64-Bit Server VM (16.0.2+7-67, mixed mode, tiered, compressed oops, compressed class ptrs, g1 gc, windows-amd64)
GC Precious Log:
 CPUs: 4 total, 4 available
 Memory: 6075M
 Large Page Support: Disabled
 NUMA Support: Disabled
 Compressed Oops: Enabled (32-bit)
 Heap Region Size: 1M
 Heap Min Capacity: 8M
 Heap Initial Capacity: 96M
 Heap Max Capacity: 1520M
 Pre-touch: Disabled
 Parallel Workers: 4
 Concurrent Workers: 1
 Concurrent Refinement Workers: 4
 Periodic GC: Disabled
Heap:
 garbage-first heap   total 70656K, used 33979K [0x00000000a1000000, 0x0000000100000000)
  region size 1024K, 6 young (6144K), 2 survivors (2048K)
 Metaspace       used 75832K, committed 76288K, reserved 1122304K
  class space    used 9121K, committed 9344K, reserved 1048576K
GC Heap History (20 events):
Event: 8.995 GC heap before
{Heap before GC invocations=21 (full 0):
 garbage-first heap   total 58368K, used 47200K [0x00000000a1000000, 0x0000000100000000)
  region size 1024K, 30 young (30720K), 3 survivors (3072K)
 Metaspace       used 52553K, committed 52864K, reserved 1097728K
  class space    used 6218K, committed 6400K, reserved 1048576K
}
Event: 8.998 GC heap after
{Heap after GC invocations=22 (full 0):
 garbage-first heap   total 70656K, used 20071K [0x00000000a1000000, 0x0000000100000000)
  region size 1024K, 3 young (3072K), 3 survivors (3072K)
 Metaspace       used 52553K, committed 52864K, reserved 1097728K
  class space    used 6218K, committed 6400K, reserved 1048576K
}
Event: 9.607 GC heap before
{Heap before GC invocations=22 (full 0):
 garbage-first heap   total 70656K, used 58983K [0x00000000a1000000, 0x0000000100000000)
  region size 1024K, 41 young (41984K), 3 survivors (3072K)
 Metaspace       used 56381K, committed 56768K, reserved 1105920K
  class space    used 6842K, committed 7040K, reserved 1048576K
}
Event: 9.610 GC heap after
{Heap after GC invocations=23 (full 0):
 garbage-first heap   total 70656K, used 20653K [0x00000000a1000000, 0x0000000100000000)
  region size 1024K, 4 young (4096K), 4 survivors (4096K)
 Metaspace       used 56381K, committed 56768K, reserved 1105920K
  class space    used 6842K, committed 7040K, reserved 1048576K
}
Event: 10.093 GC heap before
{Heap before GC invocations=23 (full 0):
 garbage-first heap   total 70656K, used 50349K [0x00000000a1000000, 0x0000000100000000)
  region size 1024K, 34 young (34816K), 4 survivors (4096K)
 Metaspace       used 58983K, committed 59328K, reserved 1105920K
  class space    used 7174K, committed 7360K, reserved 1048576K
}
Event: 10.096 GC heap after
{Heap after GC invocations=24 (full 0):
 garbage-first heap   total 70656K, used 21913K [0x00000000a1000000, 0x0000000100000000)
  region size 1024K, 4 young (4096K), 4 survivors (4096K)
 Metaspace       used 58983K, committed 59328K, reserved 1105920K
  class space    used 7174K, committed 7360K, reserved 1048576K
}
Event: 10.632 GC heap before
{Heap before GC invocations=25 (full 0):
 garbage-first heap   total 70656K, used 57753K [0x00000000a1000000, 0x0000000100000000)
  region size 1024K, 39 young (39936K), 4 survivors (4096K)
 Metaspace       used 62023K, committed 62336K, reserved 1105920K
  class space    used 7609K, committed 7744K, reserved 1048576K
}
Event: 10.637 GC heap after
{Heap after GC invocations=26 (full 0):
 garbage-first heap   total 70656K, used 22758K [0x00000000a1000000, 0x0000000100000000)
  region size 1024K, 4 young (4096K), 4 survivors (4096K)
 Metaspace       used 62023K, committed 62336K, reserved 1105920K
  class space    used 7609K, committed 7744K, reserved 1048576K
}
Event: 11.351 GC heap before
{Heap before GC invocations=26 (full 0):
 garbage-first heap   total 70656K, used 57574K [0x00000000a1000000, 0x0000000100000000)
  region size 1024K, 38 young (38912K), 4 survivors (4096K)
 Metaspace       used 64215K, committed 64576K, reserved 1105920K
  class space    used 7837K, committed 8000K, reserved 1048576K
}
Event: 11.356 GC heap after
{Heap after GC invocations=27 (full 0):
 garbage-first heap   total 70656K, used 24607K [0x00000000a1000000, 0x0000000100000000)
  region size 1024K, 4 young (4096K), 4 survivors (4096K)
 Metaspace       used 64215K, committed 64576K, reserved 1105920K
  class space    used 7837K, committed 8000K, reserved 1048576K
}
Event: 11.980 GC heap before
{Heap before GC invocations=27 (full 0):
 garbage-first heap   total 70656K, used 58399K [0x00000000a1000000, 0x0000000100000000)
  region size 1024K, 37 young (37888K), 4 survivors (4096K)
 Metaspace       used 66942K, committed 67392K, reserved 1114112K
  class space    used 8185K, committed 8384K, reserved 1048576K
}
Event: 11.985 GC heap after
{Heap after GC invocations=28 (full 0):
 garbage-first heap   total 70656K, used 27055K [0x00000000a1000000, 0x0000000100000000)
  region size 1024K, 5 young (5120K), 5 survivors (5120K)
 Metaspace       used 66942K, committed 67392K, reserved 1114112K
  class space    used 8185K, committed 8384K, reserved 1048576K
}
Event: 12.564 GC heap before
{Heap before GC invocations=28 (full 0):
 garbage-first heap   total 70656K, used 56751K [0x00000000a1000000, 0x0000000100000000)
  region size 1024K, 34 young (34816K), 5 survivors (5120K)
 Metaspace       used 69535K, committed 69952K, reserved 1114112K
  class space    used 8566K, committed 8768K, reserved 1048576K
}
Event: 12.570 GC heap after
{Heap after GC invocations=29 (full 0):
 garbage-first heap   total 70656K, used 28344K [0x00000000a1000000, 0x0000000100000000)
  region size 1024K, 4 young (4096K), 4 survivors (4096K)
 Metaspace       used 69535K, committed 69952K, reserved 1114112K
  class space    used 8566K, committed 8768K, reserved 1048576K
}
Event: 13.277 GC heap before
{Heap before GC invocations=29 (full 0):
 garbage-first heap   total 70656K, used 57016K [0x00000000a1000000, 0x0000000100000000)
  region size 1024K, 32 young (32768K), 4 survivors (4096K)
 Metaspace       used 71818K, committed 72256K, reserved 1114112K
  class space    used 8796K, committed 9024K, reserved 1048576K
}
Event: 13.284 GC heap after
{Heap after GC invocations=30 (full 0):
 garbage-first heap   total 70656K, used 29696K [0x00000000a1000000, 0x0000000100000000)
  region size 1024K, 3 young (3072K), 3 survivors (3072K)
 Metaspace       used 71818K, committed 72256K, reserved 1114112K
  class space    used 8796K, committed 9024K, reserved 1048576K
}
Event: 14.616 GC heap before
{Heap before GC invocations=30 (full 0):
 garbage-first heap   total 70656K, used 57344K [0x00000000a1000000, 0x0000000100000000)
  region size 1024K, 30 young (30720K), 3 survivors (3072K)
 Metaspace       used 73321K, committed 73792K, reserved 1114112K
  class space    used 8861K, committed 9088K, reserved 1048576K
}
Event: 14.622 GC heap after
{Heap after GC invocations=31 (full 0):
 garbage-first heap   total 70656K, used 31350K [0x00000000a1000000, 0x0000000100000000)
  region size 1024K, 4 young (4096K), 4 survivors (4096K)
 Metaspace       used 73321K, committed 73792K, reserved 1114112K
  class space    used 8861K, committed 9088K, reserved 1048576K
}
Event: 24.573 GC heap before
{Heap before GC invocations=31 (full 0):
 garbage-first heap   total 70656K, used 55926K [0x00000000a1000000, 0x0000000100000000)
  region size 1024K, 29 young (29696K), 4 survivors (4096K)
 Metaspace       used 75545K, committed 75968K, reserved 1122304K
  class space    used 9079K, committed 9280K, reserved 1048576K
}
Event: 24.577 GC heap after
{Heap after GC invocations=32 (full 0):
 garbage-first heap   total 70656K, used 30907K [0x00000000a1000000, 0x0000000100000000)
  region size 1024K, 2 young (2048K), 2 survivors (2048K)
 Metaspace       used 75545K, committed 75968K, reserved 1122304K
  class space    used 9079K, committed 9280K, reserved 1048576K
}

