# JRE version: OpenJDK Runtime Environment (16.0.2+7) (build 16.0.2+7-67)
# Java VM: OpenJDK 64-Bit Server VM (16.0.2+7-67, mixed mode, tiered, compressed oops, compressed class ptrs, g1 gc, windows-amd64)
GC Precious Log:
 CPUs: 4 total, 4 available
 Memory: 6075M
 Large Page Support: Disabled
 NUMA Support: Disabled
 Compressed Oops: Enabled (32-bit)
 Heap Region Size: 1M
 Heap Min Capacity: 8M
 Heap Initial Capacity: 96M
 Heap Max Capacity: 1520M
 Pre-touch: Disabled
 Parallel Workers: 4
 Concurrent Workers: 1
 Concurrent Refinement Workers: 4
 Periodic GC: Disabled
Heap:
 garbage-first heap   total 73728K, used 36539K [0x00000000a1000000, 0x0000000100000000)
  region size 1024K, 9 young (9216K), 2 survivors (2048K)
 Metaspace       used 75410K, committed 75840K, reserved 1122304K
  class space    used 9094K, committed 9280K, reserved 1048576K
GC Heap History (20 events):
Event: 11.114 GC heap before
{Heap before GC invocations=23 (full 0):
 garbage-first heap   total 61440K, used 51146K [0x00000000a1000000, 0x0000000100000000)
  region size 1024K, 33 young (33792K), 3 survivors (3072K)
 Metaspace       used 56957K, committed 57280K, reserved 1105920K
  class space    used 6935K, committed 7104K, reserved 1048576K
}
Event: 11.116 GC heap after
{Heap after GC invocations=24 (full 0):
 garbage-first heap   total 61440K, used 20901K [0x00000000a1000000, 0x0000000100000000)
  region size 1024K, 3 young (3072K), 3 survivors (3072K)
 Metaspace       used 56957K, committed 57280K, reserved 1105920K
  class space    used 6935K, committed 7104K, reserved 1048576K
}
Event: 11.417 GC heap before
{Heap before GC invocations=24 (full 0):
 garbage-first heap   total 61440K, used 45477K [0x00000000a1000000, 0x0000000100000000)
  region size 1024K, 28 young (28672K), 3 survivors (3072K)
 Metaspace       used 59188K, committed 59456K, reserved 1105920K
  class space    used 7208K, committed 7360K, reserved 1048576K
}
Event: 11.421 GC heap after
{Heap after GC invocations=25 (full 0):
 garbage-first heap   total 61440K, used 21868K [0x00000000a1000000, 0x0000000100000000)
  region size 1024K, 3 young (3072K), 3 survivors (3072K)
 Metaspace       used 59188K, committed 59456K, reserved 1105920K
  class space    used 7208K, committed 7360K, reserved 1048576K
}
Event: 11.730 GC heap before
{Heap before GC invocations=26 (full 0):
 garbage-first heap   total 61440K, used 50540K [0x00000000a1000000, 0x0000000100000000)
  region size 1024K, 31 young (31744K), 3 survivors (3072K)
 Metaspace       used 61381K, committed 61760K, reserved 1105920K
  class space    used 7535K, committed 7744K, reserved 1048576K
}
Event: 11.733 GC heap after
{Heap after GC invocations=27 (full 0):
 garbage-first heap   total 61440K, used 23204K [0x00000000a1000000, 0x0000000100000000)
  region size 1024K, 3 young (3072K), 3 survivors (3072K)
 Metaspace       used 61381K, committed 61760K, reserved 1105920K
  class space    used 7535K, committed 7744K, reserved 1048576K
}
Event: 12.060 GC heap before
{Heap before GC invocations=27 (full 0):
 garbage-first heap   total 61440K, used 49828K [0x00000000a1000000, 0x0000000100000000)
  region size 1024K, 29 young (29696K), 3 survivors (3072K)
 Metaspace       used 63175K, committed 63488K, reserved 1105920K
  class space    used 7733K, committed 7872K, reserved 1048576K
}
Event: 12.064 GC heap after
{Heap after GC invocations=28 (full 0):
 garbage-first heap   total 61440K, used 23339K [0x00000000a1000000, 0x0000000100000000)
  region size 1024K, 2 young (2048K), 2 survivors (2048K)
 Metaspace       used 63175K, committed 63488K, reserved 1105920K
  class space    used 7733K, committed 7872K, reserved 1048576K
}
Event: 12.512 GC heap before
{Heap before GC invocations=28 (full 0):
 garbage-first heap   total 61440K, used 49963K [0x00000000a1000000, 0x0000000100000000)
  region size 1024K, 28 young (28672K), 2 survivors (2048K)
 Metaspace       used 65225K, committed 65600K, reserved 1114112K
  class space    used 7973K, committed 8128K, reserved 1048576K
}
Event: 12.516 GC heap after
{Heap after GC invocations=29 (full 0):
 garbage-first heap   total 61440K, used 25268K [0x00000000a1000000, 0x0000000100000000)
  region size 1024K, 4 young (4096K), 4 survivors (4096K)
 Metaspace       used 65225K, committed 65600K, reserved 1114112K
  class space    used 7973K, committed 8128K, reserved 1048576K
}
Event: 12.842 GC heap before
{Heap before GC invocations=29 (full 0):
 garbage-first heap   total 61440K, used 48820K [0x00000000a1000000, 0x0000000100000000)
  region size 1024K, 27 young (27648K), 4 survivors (4096K)
 Metaspace       used 66928K, committed 67328K, reserved 1114112K
  class space    used 8191K, committed 8384K, reserved 1048576K
}
Event: 12.846 GC heap after
{Heap after GC invocations=30 (full 0):
 garbage-first heap   total 61440K, used 26857K [0x00000000a1000000, 0x0000000100000000)
  region size 1024K, 4 young (4096K), 4 survivors (4096K)
 Metaspace       used 66928K, committed 67328K, reserved 1114112K
  class space    used 8191K, committed 8384K, reserved 1048576K
}
Event: 13.182 GC heap before
{Heap before GC invocations=30 (full 0):
 garbage-first heap   total 61440K, used 49385K [0x00000000a1000000, 0x0000000100000000)
  region size 1024K, 26 young (26624K), 4 survivors (4096K)
 Metaspace       used 69111K, committed 69440K, reserved 1114112K
  class space    used 8497K, committed 8640K, reserved 1048576K
}
Event: 13.188 GC heap after
{Heap after GC invocations=31 (full 0):
 garbage-first heap   total 61440K, used 28058K [0x00000000a1000000, 0x0000000100000000)
  region size 1024K, 3 young (3072K), 3 survivors (3072K)
 Metaspace       used 69111K, committed 69440K, reserved 1114112K
  class space    used 8497K, committed 8640K, reserved 1048576K
}
Event: 13.566 GC heap before
{Heap before GC invocations=31 (full 0):
 garbage-first heap   total 61440K, used 49562K [0x00000000a1000000, 0x0000000100000000)
  region size 1024K, 24 young (24576K), 3 survivors (3072K)
 Metaspace       used 69988K, committed 70336K, reserved 1114112K
  class space    used 8633K, committed 8768K, reserved 1048576K
}
Event: 13.571 GC heap after
{Heap after GC invocations=32 (full 0):
 garbage-first heap   total 73728K, used 28639K [0x00000000a1000000, 0x0000000100000000)
  region size 1024K, 2 young (2048K), 2 survivors (2048K)
 Metaspace       used 69988K, committed 70336K, reserved 1114112K
  class space    used 8633K, committed 8768K, reserved 1048576K
}
Event: 14.412 GC heap before
{Heap before GC invocations=32 (full 0):
 garbage-first heap   total 73728K, used 59359K [0x00000000a1000000, 0x0000000100000000)
  region size 1024K, 32 young (32768K), 2 survivors (2048K)
 Metaspace       used 73019K, committed 73472K, reserved 1114112K
  class space    used 8856K, committed 9088K, reserved 1048576K
}
Event: 14.417 GC heap after
{Heap after GC invocations=33 (full 0):
 garbage-first heap   total 73728K, used 30122K [0x00000000a1000000, 0x0000000100000000)
  region size 1024K, 4 young (4096K), 4 survivors (4096K)
 Metaspace       used 73019K, committed 73472K, reserved 1114112K
  class space    used 8856K, committed 9088K, reserved 1048576K
}
Event: 19.182 GC heap before
{Heap before GC invocations=33 (full 0):
 garbage-first heap   total 73728K, used 57770K [0x00000000a1000000, 0x0000000100000000)
  region size 1024K, 32 young (32768K), 4 survivors (4096K)
 Metaspace       used 74722K, committed 75136K, reserved 1122304K
  class space    used 9027K, committed 9216K, reserved 1048576K
}
Event: 19.188 GC heap after
{Heap after GC invocations=34 (full 0):
 garbage-first heap   total 73728K, used 30395K [0x00000000a1000000, 0x0000000100000000)
  region size 1024K, 2 young (2048K), 2 survivors (2048K)
 Metaspace       used 74722K, committed 75136K, reserved 1122304K
  class space    used 9027K, committed 9216K, reserved 1048576K
}

